#-----------------------------------------------------------
# Vivado v2023.2 (64-bit)
# SW Build 4029153 on Fri Oct 13 20:14:34 MDT 2023
# IP Build 4028589 on Sat Oct 14 00:45:43 MDT 2023
# SharedData Build 4025554 on Tue Oct 10 17:18:54 MDT 2023
# Start of session at: Thu May  8 20:46:52 2025
# Process ID: 21760
# Current directory: C:/Users/admin/Documents/GitHub/ECE-4300-Computer-Architecture-Implementing-a-Datapath-in-Verilog/IF + ID + EX + MEM
# Command line: vivado.exe -gui_launcher_event rodinguilauncherevent4428 C:\Users\admin\Documents\GitHub\ECE-4300-Computer-Architecture-Implementing-a-Datapath-in-Verilog\IF + ID + EX + MEM\4300lab1a.xpr
# Log file: C:/Users/admin/Documents/GitHub/ECE-4300-Computer-Architecture-Implementing-a-Datapath-in-Verilog/IF + ID + EX + MEM/vivado.log
# Journal file: C:/Users/admin/Documents/GitHub/ECE-4300-Computer-Architecture-Implementing-a-Datapath-in-Verilog/IF + ID + EX + MEM\vivado.jou
# Running On: DESKTOP-SV406LK, OS: Windows, CPU Frequency: 3600 MHz, CPU Physical cores: 16, Host memory: 68629 MB
#-----------------------------------------------------------
start_gui
open_project {C:/Users/admin/Documents/GitHub/ECE-4300-Computer-Architecture-Implementing-a-Datapath-in-Verilog/IF + ID + EX + MEM/4300lab1a.xpr}
INFO: [ProjectBase 1-489] The host OS only allows 260 characters in a normal path. The project is stored in a path with more than 80 characters. If you experience issues with IP, Block Designs, or files not being found, please consider moving the project to a location with a shorter path. Alternately consider using the OS subst command to map part of the path to a drive letter.
Current project path is 'C:/Users/admin/Documents/GitHub/ECE-4300-Computer-Architecture-Implementing-a-Datapath-in-Verilog/IF + ID + EX + MEM'
WARNING: [Board 49-26] cannot add Board Part xilinx.com:kc705:part0:1.6 available at C:/Xilinx/Vivado/2023.2/data/xhub/boards/XilinxBoardStore/boards/Xilinx/kc705/1.6/board.xml as part xc7k325tffg900-2 specified in board_part file is either invalid or not available
WARNING: [Board 49-26] cannot add Board Part xilinx.com:kcu105:part0:1.6 available at C:/Xilinx/Vivado/2023.2/data/xhub/boards/XilinxBoardStore/boards/Xilinx/kcu105/1.6/board.xml as part xcku040-ffva1156-2-e specified in board_part file is either invalid or not available
WARNING: [Board 49-26] cannot add Board Part xilinx.com:kcu105:part0:1.7 available at C:/Xilinx/Vivado/2023.2/data/xhub/boards/XilinxBoardStore/boards/Xilinx/kcu105/1.7/board.xml as part xcku040-ffva1156-2-e specified in board_part file is either invalid or not available
WARNING: [Board 49-26] cannot add Board Part xilinx.com:kcu116:part0:1.4 available at C:/Xilinx/Vivado/2023.2/data/xhub/boards/XilinxBoardStore/boards/Xilinx/kcu116/1.4/board.xml as part xcku5p-ffvb676-2-e specified in board_part file is either invalid or not available
WARNING: [Board 49-26] cannot add Board Part xilinx.com:kcu116:part0:1.5 available at C:/Xilinx/Vivado/2023.2/data/xhub/boards/XilinxBoardStore/boards/Xilinx/kcu116/1.5/board.xml as part xcku5p-ffvb676-2-e specified in board_part file is either invalid or not available
WARNING: [Board 49-26] cannot add Board Part xilinx.com:kcu1500:part0:1.2 available at C:/Xilinx/Vivado/2023.2/data/xhub/boards/XilinxBoardStore/boards/Xilinx/kcu1500/1.2/board.xml as part xcku115-flvb2104-2-e specified in board_part file is either invalid or not available
WARNING: [Board 49-26] cannot add Board Part xilinx.com:sp701:part0:1.0 available at C:/Xilinx/Vivado/2023.2/data/xhub/boards/XilinxBoardStore/boards/Xilinx/sp701/1.0/board.xml as part xc7s100fgga676-2 specified in board_part file is either invalid or not available
WARNING: [Board 49-26] cannot add Board Part xilinx.com:sp701:part0:1.1 available at C:/Xilinx/Vivado/2023.2/data/xhub/boards/XilinxBoardStore/boards/Xilinx/sp701/1.1/board.xml as part xc7s100fgga676-2 specified in board_part file is either invalid or not available
WARNING: [Board 49-26] cannot add Board Part xilinx.com:vc707:part0:1.4 available at C:/Xilinx/Vivado/2023.2/data/xhub/boards/XilinxBoardStore/boards/Xilinx/vc707/1.4/board.xml as part xc7vx485tffg1761-2 specified in board_part file is either invalid or not available
WARNING: [Board 49-26] cannot add Board Part xilinx.com:vc709:part0:1.8 available at C:/Xilinx/Vivado/2023.2/data/xhub/boards/XilinxBoardStore/boards/Xilinx/vc709/1.8/board.xml as part xc7vx690tffg1761-2 specified in board_part file is either invalid or not available
WARNING: [Board 49-26] cannot add Board Part xilinx.com:vck190:part0:2.2 available at C:/Xilinx/Vivado/2023.2/data/xhub/boards/XilinxBoardStore/boards/Xilinx/vck190/production/2.2/board.xml as part xcvc1902-vsva2197-2mp-e-s specified in board_part file is either invalid or not available
WARNING: [Board 49-26] cannot add Board Part xilinx.com:vck190:part0:3.0 available at C:/Xilinx/Vivado/2023.2/data/xhub/boards/XilinxBoardStore/boards/Xilinx/vck190/production/3.0/board.xml as part xcvc1902-vsva2197-2mp-e-s specified in board_part file is either invalid or not available
WARNING: [Board 49-26] cannot add Board Part xilinx.com:vck190:part0:3.1 available at C:/Xilinx/Vivado/2023.2/data/xhub/boards/XilinxBoardStore/boards/Xilinx/vck190/production/3.1/board.xml as part xcvc1902-vsva2197-2mp-e-s specified in board_part file is either invalid or not available
WARNING: [Board 49-26] cannot add Board Part xilinx.com:vck190:part0:3.2 available at C:/Xilinx/Vivado/2023.2/data/xhub/boards/XilinxBoardStore/boards/Xilinx/vck190/production/3.2/board.xml as part xcvc1902-vsva2197-2mp-e-s specified in board_part file is either invalid or not available
WARNING: [Board 49-26] cannot add Board Part xilinx.com:vck190_newl:part0:1.0 available at C:/Xilinx/Vivado/2023.2/data/xhub/boards/XilinxBoardStore/boards/Xilinx/vck190_newl/production/1.0/board.xml as part xcvc1902-vsva2197-2mp-e-s specified in board_part file is either invalid or not available
WARNING: [Board 49-26] cannot add Board Part xilinx.com:vck190_newl:part0:1.1 available at C:/Xilinx/Vivado/2023.2/data/xhub/boards/XilinxBoardStore/boards/Xilinx/vck190_newl/production/1.1/board.xml as part xcvc1902-vsva2197-2mp-e-s specified in board_part file is either invalid or not available
WARNING: [Board 49-26] cannot add Board Part xilinx.com:vcu108:part0:1.6 available at C:/Xilinx/Vivado/2023.2/data/xhub/boards/XilinxBoardStore/boards/Xilinx/vcu108/1.6/board.xml as part xcvu095-ffva2104-2-e specified in board_part file is either invalid or not available
WARNING: [Board 49-26] cannot add Board Part xilinx.com:vcu108:part0:1.7 available at C:/Xilinx/Vivado/2023.2/data/xhub/boards/XilinxBoardStore/boards/Xilinx/vcu108/1.7/board.xml as part xcvu095-ffva2104-2-e specified in board_part file is either invalid or not available
WARNING: [Board 49-26] cannot add Board Part xilinx.com:vcu110:part0:1.4 available at C:/Xilinx/Vivado/2023.2/data/xhub/boards/XilinxBoardStore/boards/Xilinx/vcu110/1.4/board.xml as part xcvu190-flgc2104-2-e specified in board_part file is either invalid or not available
WARNING: [Board 49-26] cannot add Board Part xilinx.com:vcu118:part0:2.0 available at C:/Xilinx/Vivado/2023.2/data/xhub/boards/XilinxBoardStore/boards/Xilinx/vcu118/2.0/board.xml as part xcvu9p-flga2104-2l-e specified in board_part file is either invalid or not available
WARNING: [Board 49-26] cannot add Board Part xilinx.com:vcu118:part0:2.3 available at C:/Xilinx/Vivado/2023.2/data/xhub/boards/XilinxBoardStore/boards/Xilinx/vcu118/2.3/board.xml as part xcvu9p-flga2104-2l-e specified in board_part file is either invalid or not available
WARNING: [Board 49-26] cannot add Board Part xilinx.com:vcu118:part0:2.4 available at C:/Xilinx/Vivado/2023.2/data/xhub/boards/XilinxBoardStore/boards/Xilinx/vcu118/2.4/board.xml as part xcvu9p-flga2104-2l-e specified in board_part file is either invalid or not available
WARNING: [Board 49-26] cannot add Board Part xilinx.com:vcu128:part0:1.0 available at C:/Xilinx/Vivado/2023.2/data/xhub/boards/XilinxBoardStore/boards/Xilinx/vcu128/production/1.0/board.xml as part xcvu37p-fsvh2892-2l-e specified in board_part file is either invalid or not available
WARNING: [Board 49-26] cannot add Board Part xilinx.com:vcu129:part0:1.0 available at C:/Xilinx/Vivado/2023.2/data/xhub/boards/XilinxBoardStore/boards/Xilinx/vcu129/production/1.0/board.xml as part xcvu29p-fsga2577-2l-e specified in board_part file is either invalid or not available
WARNING: [Board 49-26] cannot add Board Part xilinx.com:vcu1525:part0:1.3 available at C:/Xilinx/Vivado/2023.2/data/xhub/boards/XilinxBoardStore/boards/Xilinx/vcu1525/1.3/board.xml as part xcvu9p-fsgd2104-2l-e specified in board_part file is either invalid or not available
WARNING: [Board 49-26] cannot add Board Part xilinx.com:vek280:part0:1.0 available at C:/Xilinx/Vivado/2023.2/data/xhub/boards/XilinxBoardStore/boards/Xilinx/vek280/production/1.0/board.xml as part xcve2802-vsvh1760-2mp-e-s specified in board_part file is either invalid or not available
WARNING: [Board 49-26] cannot add Board Part xilinx.com:vek280_es:part0:1.0 available at C:/Xilinx/Vivado/2023.2/data/xhub/boards/XilinxBoardStore/boards/Xilinx/vek280/es/rev_a/1.0/board.xml as part xcve2802-vsvh1760-2lp-e-s-es1 specified in board_part file is either invalid or not available
WARNING: [Board 49-26] cannot add Board Part xilinx.com:vek280_es:part0:1.1 available at C:/Xilinx/Vivado/2023.2/data/xhub/boards/XilinxBoardStore/boards/Xilinx/vek280/es/rev_a/1.1/board.xml as part xcve2802-vsvh1760-2lp-e-s-es1 specified in board_part file is either invalid or not available
WARNING: [Board 49-26] cannot add Board Part xilinx.com:vek280_es_revb:part0:1.0 available at C:/Xilinx/Vivado/2023.2/data/xhub/boards/XilinxBoardStore/boards/Xilinx/vek280/es/rev_b/1.0/board.xml as part xcve2802-vsvh1760-2mp-e-s-es1 specified in board_part file is either invalid or not available
WARNING: [Board 49-26] cannot add Board Part xilinx.com:vek280_es_revb:part0:1.1 available at C:/Xilinx/Vivado/2023.2/data/xhub/boards/XilinxBoardStore/boards/Xilinx/vek280/es/rev_b/1.1/board.xml as part xcve2802-vsvh1760-2mp-e-s-es1 specified in board_part file is either invalid or not available
WARNING: [Board 49-26] cannot add Board Part xilinx.com:vermeo_t1_mpsoc:part0:1.0 available at C:/Xilinx/Vivado/2023.2/data/xhub/boards/XilinxBoardStore/boards/Xilinx/vermeo_t1_mpsoc/1.0/board.xml as part xczu19eg-ffvd1760-2l-e specified in board_part file is either invalid or not available
WARNING: [Board 49-26] cannot add Board Part xilinx.com:vermeo_t1_rfsoc:part0:1.0 available at C:/Xilinx/Vivado/2023.2/data/xhub/boards/XilinxBoardStore/boards/Xilinx/vermeo_t1_rfsoc/1.0/board.xml as part xczu21dr-ffvd1156-2l-e specified in board_part file is either invalid or not available
WARNING: [Board 49-26] cannot add Board Part xilinx.com:vhk158:part0:1.0 available at C:/Xilinx/Vivado/2023.2/data/xhub/boards/XilinxBoardStore/boards/Xilinx/vhk158/production/1.0/board.xml as part xcvh1582-vsva3697-2mp-e-s specified in board_part file is either invalid or not available
WARNING: [Board 49-26] cannot add Board Part xilinx.com:vhk158:part0:1.1 available at C:/Xilinx/Vivado/2023.2/data/xhub/boards/XilinxBoardStore/boards/Xilinx/vhk158/production/1.1/board.xml as part xcvh1582-vsva3697-2mp-e-s specified in board_part file is either invalid or not available
WARNING: [Board 49-26] cannot add Board Part xilinx.com:vhk158_es:part0:1.0 available at C:/Xilinx/Vivado/2023.2/data/xhub/boards/XilinxBoardStore/boards/Xilinx/vhk158/es/1.0/board.xml as part xcvh1582-vsva3697-2mp-e-s-es1 specified in board_part file is either invalid or not available
WARNING: [Board 49-26] cannot add Board Part xilinx.com:vhk158_es:part0:1.1 available at C:/Xilinx/Vivado/2023.2/data/xhub/boards/XilinxBoardStore/boards/Xilinx/vhk158/es/1.1/board.xml as part xcvh1582-vsva3697-2mp-e-s-es1 specified in board_part file is either invalid or not available
WARNING: [Board 49-26] cannot add Board Part xilinx.com:vmk180:part0:2.2 available at C:/Xilinx/Vivado/2023.2/data/xhub/boards/XilinxBoardStore/boards/Xilinx/vmk180/production/2.2/board.xml as part xcvm1802-vsva2197-2mp-e-s specified in board_part file is either invalid or not available
WARNING: [Board 49-26] cannot add Board Part xilinx.com:vmk180:part0:3.0 available at C:/Xilinx/Vivado/2023.2/data/xhub/boards/XilinxBoardStore/boards/Xilinx/vmk180/production/3.0/board.xml as part xcvm1802-vsva2197-2mp-e-s specified in board_part file is either invalid or not available
WARNING: [Board 49-26] cannot add Board Part xilinx.com:vmk180:part0:3.1 available at C:/Xilinx/Vivado/2023.2/data/xhub/boards/XilinxBoardStore/boards/Xilinx/vmk180/production/3.1/board.xml as part xcvm1802-vsva2197-2mp-e-s specified in board_part file is either invalid or not available
WARNING: [Board 49-26] cannot add Board Part xilinx.com:vmk180:part0:3.2 available at C:/Xilinx/Vivado/2023.2/data/xhub/boards/XilinxBoardStore/boards/Xilinx/vmk180/production/3.2/board.xml as part xcvm1802-vsva2197-2mp-e-s specified in board_part file is either invalid or not available
WARNING: [Board 49-26] cannot add Board Part xilinx.com:vmk180_newl:part0:1.0 available at C:/Xilinx/Vivado/2023.2/data/xhub/boards/XilinxBoardStore/boards/Xilinx/vmk180_newl/production/1.0/board.xml as part xcvm1802-vsva2197-2mp-e-s specified in board_part file is either invalid or not available
WARNING: [Board 49-26] cannot add Board Part xilinx.com:vmk180_newl:part0:1.1 available at C:/Xilinx/Vivado/2023.2/data/xhub/boards/XilinxBoardStore/boards/Xilinx/vmk180_newl/production/1.1/board.xml as part xcvm1802-vsva2197-2mp-e-s specified in board_part file is either invalid or not available
WARNING: [Board 49-26] cannot add Board Part xilinx.com:vpk120:part0:1.0 available at C:/Xilinx/Vivado/2023.2/data/xhub/boards/XilinxBoardStore/boards/Xilinx/vpk120/production/1.0/board.xml as part xcvp1202-vsva2785-2mp-e-s specified in board_part file is either invalid or not available
WARNING: [Board 49-26] cannot add Board Part xilinx.com:vpk120:part0:1.1 available at C:/Xilinx/Vivado/2023.2/data/xhub/boards/XilinxBoardStore/boards/Xilinx/vpk120/production/1.1/board.xml as part xcvp1202-vsva2785-2mp-e-s specified in board_part file is either invalid or not available
WARNING: [Board 49-26] cannot add Board Part xilinx.com:vpk120:part0:1.2 available at C:/Xilinx/Vivado/2023.2/data/xhub/boards/XilinxBoardStore/boards/Xilinx/vpk120/production/1.2/board.xml as part xcvp1202-vsva2785-2mp-e-s specified in board_part file is either invalid or not available
WARNING: [Board 49-26] cannot add Board Part xilinx.com:vpk180:part0:1.0 available at C:/Xilinx/Vivado/2023.2/data/xhub/boards/XilinxBoardStore/boards/Xilinx/vpk180/production/1.0/board.xml as part xcvp1802-lsvc4072-2mp-e-s specified in board_part file is either invalid or not available
WARNING: [Board 49-26] cannot add Board Part xilinx.com:vpk180:part0:1.1 available at C:/Xilinx/Vivado/2023.2/data/xhub/boards/XilinxBoardStore/boards/Xilinx/vpk180/production/1.1/board.xml as part xcvp1802-lsvc4072-2mp-e-s specified in board_part file is either invalid or not available
WARNING: [Board 49-26] cannot add Board Part xilinx.com:zc702:part0:1.4 available at C:/Xilinx/Vivado/2023.2/data/xhub/boards/XilinxBoardStore/boards/Xilinx/zc702/1.4/board.xml as part xc7z020clg484-1 specified in board_part file is either invalid or not available
WARNING: [Board 49-26] cannot add Board Part xilinx.com:zc706:part0:1.4 available at C:/Xilinx/Vivado/2023.2/data/xhub/boards/XilinxBoardStore/boards/Xilinx/zc706/1.4/board.xml as part xc7z045ffg900-2 specified in board_part file is either invalid or not available
WARNING: [Board 49-26] cannot add Board Part xilinx.com:zcu102:part0:3.3 available at C:/Xilinx/Vivado/2023.2/data/xhub/boards/XilinxBoardStore/boards/Xilinx/zcu102/3.3/board.xml as part xczu9eg-ffvb1156-2-e specified in board_part file is either invalid or not available
WARNING: [Board 49-26] cannot add Board Part xilinx.com:zcu102:part0:3.4 available at C:/Xilinx/Vivado/2023.2/data/xhub/boards/XilinxBoardStore/boards/Xilinx/zcu102/3.4/board.xml as part xczu9eg-ffvb1156-2-e specified in board_part file is either invalid or not available
WARNING: [Board 49-26] cannot add Board Part xilinx.com:zcu104:part0:1.1 available at C:/Xilinx/Vivado/2023.2/data/xhub/boards/XilinxBoardStore/boards/Xilinx/zcu104/1.1/board.xml as part xczu7ev-ffvc1156-2-e specified in board_part file is either invalid or not available
WARNING: [Board 49-26] cannot add Board Part xilinx.com:zcu106:part0:2.4 available at C:/Xilinx/Vivado/2023.2/data/xhub/boards/XilinxBoardStore/boards/Xilinx/zcu106/2.4/board.xml as part xczu7ev-ffvc1156-2-e specified in board_part file is either invalid or not available
WARNING: [Board 49-26] cannot add Board Part xilinx.com:zcu106:part0:2.5 available at C:/Xilinx/Vivado/2023.2/data/xhub/boards/XilinxBoardStore/boards/Xilinx/zcu106/2.5/board.xml as part xczu7ev-ffvc1156-2-e specified in board_part file is either invalid or not available
WARNING: [Board 49-26] cannot add Board Part xilinx.com:zcu106:part0:2.6 available at C:/Xilinx/Vivado/2023.2/data/xhub/boards/XilinxBoardStore/boards/Xilinx/zcu106/2.6/board.xml as part xczu7ev-ffvc1156-2-e specified in board_part file is either invalid or not available
WARNING: [Board 49-26] cannot add Board Part xilinx.com:zcu111:part0:1.2 available at C:/Xilinx/Vivado/2023.2/data/xhub/boards/XilinxBoardStore/boards/Xilinx/zcu111/1.2/board.xml as part xczu28dr-ffvg1517-2-e specified in board_part file is either invalid or not available
WARNING: [Board 49-26] cannot add Board Part xilinx.com:zcu111:part0:1.3 available at C:/Xilinx/Vivado/2023.2/data/xhub/boards/XilinxBoardStore/boards/Xilinx/zcu111/1.3/board.xml as part xczu28dr-ffvg1517-2-e specified in board_part file is either invalid or not available
WARNING: [Board 49-26] cannot add Board Part xilinx.com:zcu111:part0:1.4 available at C:/Xilinx/Vivado/2023.2/data/xhub/boards/XilinxBoardStore/boards/Xilinx/zcu111/1.4/board.xml as part xczu28dr-ffvg1517-2-e specified in board_part file is either invalid or not available
WARNING: [Board 49-26] cannot add Board Part xilinx.com:zcu1275:part0:1.0 available at C:/Xilinx/Vivado/2023.2/data/xhub/boards/XilinxBoardStore/boards/Xilinx/zcu1275/1.0/board.xml as part xczu29dr-ffvf1760-2-e specified in board_part file is either invalid or not available
WARNING: [Board 49-26] cannot add Board Part xilinx.com:zcu1285:part0:1.0 available at C:/Xilinx/Vivado/2023.2/data/xhub/boards/XilinxBoardStore/boards/Xilinx/zcu1285/1.0/board.xml as part xczu39dr-ffvf1760-2-i specified in board_part file is either invalid or not available
WARNING: [Board 49-26] cannot add Board Part xilinx.com:zcu208:part0:2.0 available at C:/Xilinx/Vivado/2023.2/data/xhub/boards/XilinxBoardStore/boards/Xilinx/zcu208/production/2.0/board.xml as part xczu48dr-fsvg1517-2-e specified in board_part file is either invalid or not available
WARNING: [Board 49-26] cannot add Board Part xilinx.com:zcu208ld:part0:2.0 available at C:/Xilinx/Vivado/2023.2/data/xhub/boards/XilinxBoardStore/boards/Xilinx/zcu208ld/production/2.0/board.xml as part xczu58dr-fsvg1517-2-i specified in board_part file is either invalid or not available
WARNING: [Board 49-26] cannot add Board Part xilinx.com:zcu216:part0:2.0 available at C:/Xilinx/Vivado/2023.2/data/xhub/boards/XilinxBoardStore/boards/Xilinx/zcu216/production/2.0/board.xml as part xczu49dr-ffvf1760-2-e specified in board_part file is either invalid or not available
WARNING: [Board 49-26] cannot add Board Part xilinx.com:zcu216ld:part0:2.0 available at C:/Xilinx/Vivado/2023.2/data/xhub/boards/XilinxBoardStore/boards/Xilinx/zcu216ld/production/2.0/board.xml as part xczu59dr-ffvf1760-2-i specified in board_part file is either invalid or not available
WARNING: [Board 49-26] cannot add Board Part xilinx.com:zcu670:part0:2.0 available at C:/Xilinx/Vivado/2023.2/data/xhub/boards/XilinxBoardStore/boards/Xilinx/zcu670/2.0/board.xml as part xczu67dr-fsve1156-2-i specified in board_part file is either invalid or not available
WARNING: [Board 49-26] cannot add Board Part xilinx.com:zcu670ld:part0:1.0 available at C:/Xilinx/Vivado/2023.2/data/xhub/boards/XilinxBoardStore/boards/Xilinx/zcu670ld/1.0/board.xml as part xczu57dr-fsve1156-2-i specified in board_part file is either invalid or not available
INFO: [filemgmt 56-3] Default IP Output Path : Could not find the directory 'C:/Users/admin/Documents/GitHub/ECE-4300-Computer-Architecture-Implementing-a-Datapath-in-Verilog/IF + ID + EX + MEM/4300lab1a.gen/sources_1'.
Scanning sources...
Finished scanning sources
INFO: [IP_Flow 19-234] Refreshing IP repositories
INFO: [IP_Flow 19-1704] No user IP repositories specified
INFO: [IP_Flow 19-2313] Loaded Vivado IP repository 'C:/Xilinx/Vivado/2023.2/data/ip'.
open_project: Time (s): cpu = 00:00:19 ; elapsed = 00:00:09 . Memory (MB): peak = 1441.363 ; gain = 191.805
update_compile_order -fileset sources_1
close [ open {C:/Users/admin/Documents/GitHub/ECE-4300-Computer-Architecture-Implementing-a-Datapath-in-Verilog/IF + ID + EX + MEM/4300lab1a.srcs/sources_1/new/data.mem} w ]
add_files {{C:/Users/admin/Documents/GitHub/ECE-4300-Computer-Architecture-Implementing-a-Datapath-in-Verilog/IF + ID + EX + MEM/4300lab1a.srcs/sources_1/new/data.mem}}
launch_simulation
Command: launch_simulation 
INFO: [Vivado 12-12493] Simulation top is 'pipeline_top_tb'
WARNING: [Vivado 12-13340] Unable to auto find GCC executables from simulator install path! (path not set)
boost::filesystem::remove: The process cannot access the file because it is being used by another process: "C:/Users/admin/Documents/GitHub/ECE-4300-Computer-Architecture-Implementing-a-Datapath-in-Verilog/IF + ID + EX + MEM/4300lab1a.sim/sim_1/behav/xsim/simulate.log"
launch_simulation
Command: launch_simulation 
INFO: [Vivado 12-12493] Simulation top is 'pipeline_top_tb'
WARNING: [Vivado 12-13340] Unable to auto find GCC executables from simulator install path! (path not set)
boost::filesystem::remove: The process cannot access the file because it is being used by another process: "C:/Users/admin/Documents/GitHub/ECE-4300-Computer-Architecture-Implementing-a-Datapath-in-Verilog/IF + ID + EX + MEM/4300lab1a.sim/sim_1/behav/xsim/simulate.log"
launch_simulation
Command: launch_simulation 
INFO: [Vivado 12-12493] Simulation top is 'pipeline_top_tb'
WARNING: [Vivado 12-13340] Unable to auto find GCC executables from simulator install path! (path not set)
boost::filesystem::remove: The process cannot access the file because it is being used by another process: "C:/Users/admin/Documents/GitHub/ECE-4300-Computer-Architecture-Implementing-a-Datapath-in-Verilog/IF + ID + EX + MEM/4300lab1a.sim/sim_1/behav/xsim/simulate.log"
launch_simulation
Command: launch_simulation 
INFO: [Vivado 12-12493] Simulation top is 'pipeline_top_tb'
WARNING: [Vivado 12-13340] Unable to auto find GCC executables from simulator install path! (path not set)
INFO: [Vivado 12-5682] Launching behavioral simulation in 'C:/Users/admin/Documents/GitHub/ECE-4300-Computer-Architecture-Implementing-a-Datapath-in-Verilog/IF + ID + EX + MEM/4300lab1a.sim/sim_1/behav/xsim'
INFO: [SIM-utils-51] Simulation object is 'sim_1'
INFO: [SIM-utils-72] Using boost library from 'C:/Xilinx/Vivado/2023.2/tps/boost_1_72_0'
INFO: [SIM-utils-54] Inspecting design source files for 'pipeline_top_tb' in fileset 'sim_1'...
INFO: [SIM-utils-43] Exported 'C:/Users/admin/Documents/GitHub/ECE-4300-Computer-Architecture-Implementing-a-Datapath-in-Verilog/IF + ID + EX + MEM/4300lab1a.sim/sim_1/behav/xsim/data.mem'
INFO: [USF-XSim-97] Finding global include files...
INFO: [USF-XSim-98] Fetching design files from 'sim_1'...
INFO: [USF-XSim-2] XSim::Compile design
INFO: [USF-XSim-61] Executing 'COMPILE and ANALYZE' step in 'C:/Users/admin/Documents/GitHub/ECE-4300-Computer-Architecture-Implementing-a-Datapath-in-Verilog/IF + ID + EX + MEM/4300lab1a.sim/sim_1/behav/xsim'
"xvlog --incr --relax -prj pipeline_top_tb_vlog.prj"
ECHO is off.
ECHO is off.
INFO: [USF-XSim-69] 'compile' step finished in '2' seconds
INFO: [USF-XSim-3] XSim::Elaborate design
INFO: [USF-XSim-61] Executing 'ELABORATE' step in 'C:/Users/admin/Documents/GitHub/ECE-4300-Computer-Architecture-Implementing-a-Datapath-in-Verilog/IF + ID + EX + MEM/4300lab1a.sim/sim_1/behav/xsim'
"xelab --incr --debug typical --relax --mt 2 -L xil_defaultlib -L unisims_ver -L unimacro_ver -L secureip --snapshot pipeline_top_tb_behav xil_defaultlib.pipeline_top_tb xil_defaultlib.glbl -log elaborate.log"
ECHO is off.
ECHO is off.
Vivado Simulator v2023.2
Copyright 1986-2022 Xilinx, Inc. All Rights Reserved.
Copyright 2022-2023 Advanced Micro Devices, Inc. All Rights Reserved.
Running: C:/Xilinx/Vivado/2023.2/bin/unwrapped/win64.o/xelab.exe --incr --debug typical --relax --mt 2 -L xil_defaultlib -L unisims_ver -L unimacro_ver -L secureip --snapshot pipeline_top_tb_behav xil_defaultlib.pipeline_top_tb xil_defaultlib.glbl -log elaborate.log 
Using 2 slave threads.
Starting static elaboration
Pass Through NonSizing Optimizer
Completed static elaboration
INFO: [XSIM 43-4323] No Change in HDL. Linking previously generated obj files to create kernel
INFO: [USF-XSim-69] 'elaborate' step finished in '2' seconds
INFO: [USF-XSim-4] XSim::Simulate design
INFO: [USF-XSim-61] Executing 'SIMULATE' step in 'C:/Users/admin/Documents/GitHub/ECE-4300-Computer-Architecture-Implementing-a-Datapath-in-Verilog/IF + ID + EX + MEM/4300lab1a.sim/sim_1/behav/xsim'
INFO: [USF-XSim-98] *** Running xsim
   with args "pipeline_top_tb_behav -key {Behavioral:sim_1:Functional:pipeline_top_tb} -tclbatch {pipeline_top_tb.tcl} -log {simulate.log}"
INFO: [USF-XSim-8] Loading simulator feature
Time resolution is 1 ps
source pipeline_top_tb.tcl
# set curr_wave [current_wave_config]
# if { [string length $curr_wave] == 0 } {
#   if { [llength [get_objects]] > 0} {
#     add_wave /
#     set_property needs_save false [current_wave_config]
#   } else {
#      send_msg_id Add_Wave-1 WARNING "No top level signals found. Simulator will start without a wave window. If you want to open a wave window go to 'File->New Waveform Configuration' or type 'create_wave_config' in the TCL console."
#   }
# }
# run 1000ns
WARNING: Data truncated while reading Datafile: data.mem, while loading at index: 0
WARNING: Data truncated while reading Datafile: data.mem, while loading at index: 1
T=5000 | PC=00000000 | IR=00000000 | NPC=00000000
       ID: control=000000000 | rs=0 rt=0 rd=0
       EX: ALUres=         0 zero=0 write_reg=0
       MEM: mem_read=0 | alu_result=         0 | mem_data=         0 | wb_reg= 0

T=15000 | PC=00000000 | IR=00000000 | NPC=00000000
       ID: control=000000000 | rs=0 rt=0 rd=0
       EX: ALUres=         0 zero=0 write_reg=0
       MEM: mem_read=0 | alu_result=         0 | mem_data=         0 | wb_reg= 0

T=25000 | PC=00000004 | IR=002300aa | NPC=00000008
       ID: control=100001100 | rs=1 rt=0 rd=0
       EX: ALUres=         0 zero=1 write_reg=0
       MEM: mem_read=2 | alu_result=         0 | mem_data=         x | wb_reg= 0

T=35000 | PC=00000008 | IR=10654321 | NPC=0000000c
       ID: control=100001100 | rs=3 rt=3 rd=0
       EX: ALUres=         0 zero=1 write_reg=0
       MEM: mem_read=2 | alu_result=         0 | mem_data=         x | wb_reg= 0

T=45000 | PC=0000000c | IR=00100022 | NPC=00000010
       ID: control=001000100 | rs=0 rt=5 rd=8
       EX: ALUres=         4 zero=0 write_reg=3
       MEM: mem_read=0 | alu_result=         0 | mem_data=         x | wb_reg= 0

T=55000 | PC=00000010 | IR=8c123456 | NPC=00000014
       ID: control=100001100 | rs=0 rt=16 rd=0
       EX: ALUres=4294967294 zero=0 write_reg=5
       MEM: mem_read=2 | alu_result=         4 | mem_data=         x | wb_reg= 3

T=65000 | PC=00000014 | IR=8f123456 | NPC=00000018
       ID: control=110100001 | rs=24 rt=18 rd=6
       EX: ALUres=        16 zero=0 write_reg=16
       MEM: mem_read=3 | alu_result=4294967294 | mem_data=         x | wb_reg= 5

T=75000 | PC=00000018 | IR=ad654321 | NPC=0000001c
       ID: control=110100001 | rs=11 rt=18 rd=6
       EX: ALUres=     13398 zero=0 write_reg=18
       MEM: mem_read=3 | alu_result=        16 | mem_data=         x | wb_reg=16

MEM READ : mem[21] -> xxxxxxxx
T=85000 | PC=0000001c | IR=13012345 | NPC=00000020
       ID: control=000010001 | rs=24 rt=5 rd=8
       EX: ALUres=     13422 zero=0 write_reg=18
       MEM: mem_read=0 | alu_result=     13398 | mem_data=         x | wb_reg=18

MEM READ : mem[27] -> xxxxxxxx
T=95000 | PC=00000020 | IR=ac654321 | NPC=00000024
       ID: control=001000100 | rs=3 rt=1 rd=4
       EX: ALUres=     17196 zero=0 write_reg=5
       MEM: mem_read=0 | alu_result=     13422 | mem_data=         x | wb_reg=18

MEM WRITE: mem[75] = 00000005
T=105000 | PC=00000024 | IR=12012345 | NPC=00000028
       ID: control=000010001 | rs=16 rt=5 rd=8
       EX: ALUres=        23 zero=0 write_reg=1
       MEM: mem_read=0 | alu_result=     17196 | mem_data=         x | wb_reg= 5

T=115000 | PC=00000028 | IR=00000000 | NPC=0000002c
       ID: control=001000100 | rs=0 rt=1 rd=4
       EX: ALUres=     17188 zero=0 write_reg=5
       MEM: mem_read=0 | alu_result=        23 | mem_data=         x | wb_reg= 1

MEM WRITE: mem[73] = 00000005
T=125000 | PC=0000002c | IR=00000000 | NPC=00000030
       ID: control=100001100 | rs=0 rt=0 rd=0
       EX: ALUres=        15 zero=0 write_reg=1
       MEM: mem_read=2 | alu_result=     17188 | mem_data=         x | wb_reg= 5

T=135000 | PC=00000030 | IR=00000000 | NPC=00000034
       ID: control=100001100 | rs=0 rt=0 rd=0
       EX: ALUres=         0 zero=1 write_reg=0
       MEM: mem_read=2 | alu_result=        15 | mem_data=         x | wb_reg= 1

T=145000 | PC=00000034 | IR=00000000 | NPC=00000038
       ID: control=100001100 | rs=0 rt=0 rd=0
       EX: ALUres=         0 zero=1 write_reg=0
       MEM: mem_read=2 | alu_result=         0 | mem_data=         x | wb_reg= 0

T=155000 | PC=00000038 | IR=00000000 | NPC=0000003c
       ID: control=100001100 | rs=0 rt=0 rd=0
       EX: ALUres=         0 zero=1 write_reg=0
       MEM: mem_read=2 | alu_result=         0 | mem_data=         x | wb_reg= 0

$finish called at time : 160 ns : File "C:/Users/admin/Desktop/4203/IF STAGE/4300lab1a.srcs/sources_1/new/pipeline_top_tb.v" Line 67
INFO: [USF-XSim-96] XSim completed. Design snapshot 'pipeline_top_tb_behav' loaded.
INFO: [USF-XSim-97] XSim simulation ran for 1000ns
launch_simulation: Time (s): cpu = 00:00:07 ; elapsed = 00:00:08 . Memory (MB): peak = 1552.441 ; gain = 34.895
WARNING: [filemgmt 56-199] Attempt to get parsing info during refresh. "On-the-fly" syntax checking information may be incorrect. [C:\Users\admin\Desktop\4203\IF STAGE\4300lab1a.srcs\sources_1\new\pipeline_top.v:]
WARNING: [filemgmt 56-199] Attempt to get parsing info during refresh. "On-the-fly" syntax checking information may be incorrect. [C:\Users\admin\Desktop\4203\IF STAGE\4300lab1a.srcs\sources_1\new\pipeline_top_tb.v:]
ERROR: [Common 17-180] Spawn failed: No error
close_sim
INFO: [Simtcl 6-16] Simulation closed
launch_simulation
Command: launch_simulation 
INFO: [Vivado 12-12493] Simulation top is 'pipeline_top_tb'
WARNING: [Vivado 12-13340] Unable to auto find GCC executables from simulator install path! (path not set)
INFO: [Vivado 12-5682] Launching behavioral simulation in 'C:/Users/admin/Documents/GitHub/ECE-4300-Computer-Architecture-Implementing-a-Datapath-in-Verilog/IF + ID + EX + MEM/4300lab1a.sim/sim_1/behav/xsim'
INFO: [SIM-utils-51] Simulation object is 'sim_1'
INFO: [SIM-utils-72] Using boost library from 'C:/Xilinx/Vivado/2023.2/tps/boost_1_72_0'
INFO: [SIM-utils-54] Inspecting design source files for 'pipeline_top_tb' in fileset 'sim_1'...
INFO: [SIM-utils-43] Exported 'C:/Users/admin/Documents/GitHub/ECE-4300-Computer-Architecture-Implementing-a-Datapath-in-Verilog/IF + ID + EX + MEM/4300lab1a.sim/sim_1/behav/xsim/data.mem'
INFO: [USF-XSim-97] Finding global include files...
INFO: [USF-XSim-98] Fetching design files from 'sim_1'...
INFO: [USF-XSim-2] XSim::Compile design
INFO: [USF-XSim-61] Executing 'COMPILE and ANALYZE' step in 'C:/Users/admin/Documents/GitHub/ECE-4300-Computer-Architecture-Implementing-a-Datapath-in-Verilog/IF + ID + EX + MEM/4300lab1a.sim/sim_1/behav/xsim'
"xvlog --incr --relax -prj pipeline_top_tb_vlog.prj"
ECHO is off.
ECHO is off.
INFO: [USF-XSim-69] 'compile' step finished in '2' seconds
INFO: [USF-XSim-3] XSim::Elaborate design
INFO: [USF-XSim-61] Executing 'ELABORATE' step in 'C:/Users/admin/Documents/GitHub/ECE-4300-Computer-Architecture-Implementing-a-Datapath-in-Verilog/IF + ID + EX + MEM/4300lab1a.sim/sim_1/behav/xsim'
"xelab --incr --debug typical --relax --mt 2 -L xil_defaultlib -L unisims_ver -L unimacro_ver -L secureip --snapshot pipeline_top_tb_behav xil_defaultlib.pipeline_top_tb xil_defaultlib.glbl -log elaborate.log"
ECHO is off.
ECHO is off.
Vivado Simulator v2023.2
Copyright 1986-2022 Xilinx, Inc. All Rights Reserved.
Copyright 2022-2023 Advanced Micro Devices, Inc. All Rights Reserved.
Running: C:/Xilinx/Vivado/2023.2/bin/unwrapped/win64.o/xelab.exe --incr --debug typical --relax --mt 2 -L xil_defaultlib -L unisims_ver -L unimacro_ver -L secureip --snapshot pipeline_top_tb_behav xil_defaultlib.pipeline_top_tb xil_defaultlib.glbl -log elaborate.log 
Using 2 slave threads.
Starting static elaboration
Pass Through NonSizing Optimizer
Completed static elaboration
INFO: [XSIM 43-4323] No Change in HDL. Linking previously generated obj files to create kernel
INFO: [USF-XSim-69] 'elaborate' step finished in '2' seconds
INFO: [USF-XSim-4] XSim::Simulate design
INFO: [USF-XSim-61] Executing 'SIMULATE' step in 'C:/Users/admin/Documents/GitHub/ECE-4300-Computer-Architecture-Implementing-a-Datapath-in-Verilog/IF + ID + EX + MEM/4300lab1a.sim/sim_1/behav/xsim'
INFO: [USF-XSim-98] *** Running xsim
   with args "pipeline_top_tb_behav -key {Behavioral:sim_1:Functional:pipeline_top_tb} -tclbatch {pipeline_top_tb.tcl} -log {simulate.log}"
INFO: [USF-XSim-8] Loading simulator feature
Time resolution is 1 ps
source pipeline_top_tb.tcl
# set curr_wave [current_wave_config]
# if { [string length $curr_wave] == 0 } {
#   if { [llength [get_objects]] > 0} {
#     add_wave /
#     set_property needs_save false [current_wave_config]
#   } else {
#      send_msg_id Add_Wave-1 WARNING "No top level signals found. Simulator will start without a wave window. If you want to open a wave window go to 'File->New Waveform Configuration' or type 'create_wave_config' in the TCL console."
#   }
# }
# run 1000ns
T=5000 | PC=00000000 | IR=00000000 | NPC=00000000
       ID: control=000000000 | rs=0 rt=0 rd=0
       EX: ALUres=         0 zero=0 write_reg=0
       MEM: mem_read=0 | alu_result=         0 | mem_data=         0 | wb_reg= 0

T=15000 | PC=00000000 | IR=00000000 | NPC=00000000
       ID: control=000000000 | rs=0 rt=0 rd=0
       EX: ALUres=         0 zero=0 write_reg=0
       MEM: mem_read=0 | alu_result=         0 | mem_data=         0 | wb_reg= 0

T=25000 | PC=00000004 | IR=002300aa | NPC=00000008
       ID: control=100001100 | rs=1 rt=0 rd=0
       EX: ALUres=         0 zero=1 write_reg=0
       MEM: mem_read=2 | alu_result=         0 | mem_data=         x | wb_reg= 0

T=35000 | PC=00000008 | IR=10654321 | NPC=0000000c
       ID: control=100001100 | rs=3 rt=3 rd=0
       EX: ALUres=         0 zero=1 write_reg=0
       MEM: mem_read=2 | alu_result=         0 | mem_data=         x | wb_reg= 0

T=45000 | PC=0000000c | IR=00100022 | NPC=00000010
       ID: control=001000100 | rs=0 rt=5 rd=8
       EX: ALUres=         4 zero=0 write_reg=3
       MEM: mem_read=0 | alu_result=         0 | mem_data=         x | wb_reg= 0

T=55000 | PC=00000010 | IR=8c123456 | NPC=00000014
       ID: control=100001100 | rs=0 rt=16 rd=0
       EX: ALUres=4294967294 zero=0 write_reg=5
       MEM: mem_read=2 | alu_result=         4 | mem_data=         x | wb_reg= 3

T=65000 | PC=00000014 | IR=8f123456 | NPC=00000018
       ID: control=110100001 | rs=24 rt=18 rd=6
       EX: ALUres=        16 zero=0 write_reg=16
       MEM: mem_read=3 | alu_result=4294967294 | mem_data=         x | wb_reg= 5

T=75000 | PC=00000018 | IR=ad654321 | NPC=0000001c
       ID: control=110100001 | rs=11 rt=18 rd=6
       EX: ALUres=     13398 zero=0 write_reg=18
       MEM: mem_read=3 | alu_result=        16 | mem_data=         x | wb_reg=16

MEM READ : mem[21] -> xxxxxxxx
T=85000 | PC=0000001c | IR=13012345 | NPC=00000020
       ID: control=000010001 | rs=24 rt=5 rd=8
       EX: ALUres=     13422 zero=0 write_reg=18
       MEM: mem_read=0 | alu_result=     13398 | mem_data=         x | wb_reg=18

MEM READ : mem[27] -> xxxxxxxx
T=95000 | PC=00000020 | IR=ac654321 | NPC=00000024
       ID: control=001000100 | rs=3 rt=1 rd=4
       EX: ALUres=     17196 zero=0 write_reg=5
       MEM: mem_read=0 | alu_result=     13422 | mem_data=         x | wb_reg=18

MEM WRITE: mem[75] = 00000005
T=105000 | PC=00000024 | IR=12012345 | NPC=00000028
       ID: control=000010001 | rs=16 rt=5 rd=8
       EX: ALUres=        23 zero=0 write_reg=1
       MEM: mem_read=0 | alu_result=     17196 | mem_data=         x | wb_reg= 5

T=115000 | PC=00000028 | IR=00000000 | NPC=0000002c
       ID: control=001000100 | rs=0 rt=1 rd=4
       EX: ALUres=     17188 zero=0 write_reg=5
       MEM: mem_read=0 | alu_result=        23 | mem_data=         x | wb_reg= 1

MEM WRITE: mem[73] = 00000005
T=125000 | PC=0000002c | IR=00000000 | NPC=00000030
       ID: control=100001100 | rs=0 rt=0 rd=0
       EX: ALUres=        15 zero=0 write_reg=1
       MEM: mem_read=2 | alu_result=     17188 | mem_data=         x | wb_reg= 5

T=135000 | PC=00000030 | IR=00000000 | NPC=00000034
       ID: control=100001100 | rs=0 rt=0 rd=0
       EX: ALUres=         0 zero=1 write_reg=0
       MEM: mem_read=2 | alu_result=        15 | mem_data=         x | wb_reg= 1

T=145000 | PC=00000034 | IR=00000000 | NPC=00000038
       ID: control=100001100 | rs=0 rt=0 rd=0
       EX: ALUres=         0 zero=1 write_reg=0
       MEM: mem_read=2 | alu_result=         0 | mem_data=         x | wb_reg= 0

T=155000 | PC=00000038 | IR=00000000 | NPC=0000003c
       ID: control=100001100 | rs=0 rt=0 rd=0
       EX: ALUres=         0 zero=1 write_reg=0
       MEM: mem_read=2 | alu_result=         0 | mem_data=         x | wb_reg= 0

$finish called at time : 160 ns : File "C:/Users/admin/Desktop/4203/IF STAGE/4300lab1a.srcs/sources_1/new/pipeline_top_tb.v" Line 67
INFO: [USF-XSim-96] XSim completed. Design snapshot 'pipeline_top_tb_behav' loaded.
INFO: [USF-XSim-97] XSim simulation ran for 1000ns
launch_simulation: Time (s): cpu = 00:00:03 ; elapsed = 00:00:06 . Memory (MB): peak = 1562.543 ; gain = 10.102
WARNING: [filemgmt 56-199] Attempt to get parsing info during refresh. "On-the-fly" syntax checking information may be incorrect. [C:\Users\admin\Desktop\4203\IF STAGE\4300lab1a.srcs\sources_1\new\pipeline_top.v:]
WARNING: [filemgmt 56-199] Attempt to get parsing info during refresh. "On-the-fly" syntax checking information may be incorrect. [C:\Users\admin\Desktop\4203\IF STAGE\4300lab1a.srcs\sources_1\new\pipeline_top_tb.v:]
WARNING: [filemgmt 56-199] Attempt to get parsing info during refresh. "On-the-fly" syntax checking information may be incorrect. [C:\Users\admin\Documents\GitHub\ECE-4300-Computer-Architecture-Implementing-a-Datapath-in-Verilog\IF + ID + EX + MEM\4300lab1a.srcs\sources_1\new\data_memory.v:]
WARNING: [filemgmt 56-199] Attempt to get parsing info during refresh. "On-the-fly" syntax checking information may be incorrect. [C:\Users\admin\Documents\GitHub\ECE-4300-Computer-Architecture-Implementing-a-Datapath-in-Verilog\IF + ID + EX + MEM\4300lab1a.srcs\sources_1\new\mem_stage.v:]
WARNING: [filemgmt 56-199] Attempt to get parsing info during refresh. "On-the-fly" syntax checking information may be incorrect. [C:\Users\admin\Documents\GitHub\ECE-4300-Computer-Architecture-Implementing-a-Datapath-in-Verilog\IF + ID + EX + MEM\4300lab1a.srcs\sources_1\new\mem_wb_reg.v:]
WARNING: [filemgmt 56-199] Attempt to get parsing info during refresh. "On-the-fly" syntax checking information may be incorrect. [C:\Users\admin\Desktop\4203\IF STAGE\4300lab1a.srcs\sources_1\new\pipeline_top.v:]
WARNING: [filemgmt 56-199] Attempt to get parsing info during refresh. "On-the-fly" syntax checking information may be incorrect. [C:\Users\admin\Desktop\4203\IF STAGE\4300lab1a.srcs\sources_1\new\pipeline_top_tb.v:]
WARNING: [filemgmt 56-199] Attempt to get parsing info during refresh. "On-the-fly" syntax checking information may be incorrect. [C:\Users\admin\Documents\GitHub\ECE-4300-Computer-Architecture-Implementing-a-Datapath-in-Verilog\IF + ID + EX + MEM\4300lab1a.srcs\sources_1\new\data_memory.v:]
WARNING: [filemgmt 56-199] Attempt to get parsing info during refresh. "On-the-fly" syntax checking information may be incorrect. [C:\Users\admin\Documents\GitHub\ECE-4300-Computer-Architecture-Implementing-a-Datapath-in-Verilog\IF + ID + EX + MEM\4300lab1a.srcs\sources_1\new\mem_stage.v:]
WARNING: [filemgmt 56-199] Attempt to get parsing info during refresh. "On-the-fly" syntax checking information may be incorrect. [C:\Users\admin\Documents\GitHub\ECE-4300-Computer-Architecture-Implementing-a-Datapath-in-Verilog\IF + ID + EX + MEM\4300lab1a.srcs\sources_1\new\mem_wb_reg.v:]
