INFO: [VRFC 10-2263] Analyzing Verilog file "C:/Users/admin/Documents/GitHub/ECE-4300-Computer-Architecture-Implementing-a-Datapath-in-Verilog/IF + ID + EX + MEM + WB/4300lab1a.srcs/sources_1/new/alu_control_ex.v" into library xil_defaultlib
INFO: [VRFC 10-311] analyzing module alu_control_ex
INFO: [VRFC 10-2263] Analyzing Verilog file "C:/Users/admin/Documents/GitHub/ECE-4300-Computer-Architecture-Implementing-a-Datapath-in-Verilog/IF + ID + EX + MEM + WB/4300lab1a.srcs/sources_1/new/alu_ex.v" into library xil_defaultlib
INFO: [VRFC 10-311] analyzing module alu_ex
INFO: [VRFC 10-2263] Analyzing Verilog file "C:/Users/admin/Desktop/4203/IF STAGE/4300lab1a.srcs/sources_1/new/control_unit.v" into library xil_defaultlib
INFO: [VRFC 10-311] analyzing module control_unit
INFO: [VRFC 10-2263] Analyzing Verilog file "C:/Users/admin/Documents/GitHub/ECE-4300-Computer-Architecture-Implementing-a-Datapath-in-Verilog/IF + ID + EX + MEM + WB/4300lab1a.srcs/sources_1/new/data_memory.v" into library xil_defaultlib
INFO: [VRFC 10-311] analyzing module data_memory
INFO: [VRFC 10-2263] Analyzing Verilog file "C:/Users/admin/Documents/GitHub/ECE-4300-Computer-Architecture-Implementing-a-Datapath-in-Verilog/IF + ID + EX + MEM + WB/4300lab1a.srcs/sources_1/new/ex_mem_reg.v" into library xil_defaultlib
INFO: [VRFC 10-311] analyzing module ex_mem_reg
INFO: [VRFC 10-2263] Analyzing Verilog file "C:/Users/admin/Documents/GitHub/ECE-4300-Computer-Architecture-Implementing-a-Datapath-in-Verilog/IF + ID + EX + MEM + WB/4300lab1a.srcs/sources_1/new/ex_stage.v" into library xil_defaultlib
INFO: [VRFC 10-311] analyzing module ex_stage
INFO: [VRFC 10-2263] Analyzing Verilog file "C:/Users/admin/Desktop/4203/IF STAGE/4300lab1a.srcs/sources_1/new/id_ex_reg.v" into library xil_defaultlib
INFO: [VRFC 10-311] analyzing module id_ex_reg
INFO: [VRFC 10-2263] Analyzing Verilog file "C:/Users/admin/Desktop/4203/IF STAGE/4300lab1a.srcs/sources_1/new/id_stage.v" into library xil_defaultlib
INFO: [VRFC 10-311] analyzing module id_stage
INFO: [VRFC 10-2263] Analyzing Verilog file "C:/Users/admin/Documents/GitHub/ECE-4300-Computer-Architecture-Implementing-a-Datapath-in-Verilog/IF + ID + EX + MEM + WB/4300lab1a.srcs/sources_1/new/if_id_reg.v" into library xil_defaultlib
INFO: [VRFC 10-311] analyzing module if_id_reg
INFO: [VRFC 10-2263] Analyzing Verilog file "C:/Users/admin/Documents/GitHub/ECE-4300-Computer-Architecture-Implementing-a-Datapath-in-Verilog/IF + ID + EX + MEM + WB/4300lab1a.srcs/sources_1/new/if_stage.v" into library xil_defaultlib
INFO: [VRFC 10-311] analyzing module if_stage
INFO: [VRFC 10-2263] Analyzing Verilog file "C:/Users/admin/Documents/GitHub/ECE-4300-Computer-Architecture-Implementing-a-Datapath-in-Verilog/IF + ID + EX + MEM + WB/4300lab1a.srcs/sources_1/new/incr4.v" into library xil_defaultlib
INFO: [VRFC 10-311] analyzing module incr4
INFO: [VRFC 10-2263] Analyzing Verilog file "C:/Users/admin/Documents/GitHub/ECE-4300-Computer-Architecture-Implementing-a-Datapath-in-Verilog/IF + ID + EX + MEM + WB/4300lab1a.srcs/sources_1/new/inst_memory.v" into library xil_defaultlib
INFO: [VRFC 10-311] analyzing module inst_memory
INFO: [VRFC 10-2263] Analyzing Verilog file "C:/Users/admin/Documents/GitHub/ECE-4300-Computer-Architecture-Implementing-a-Datapath-in-Verilog/IF + ID + EX + MEM + WB/4300lab1a.srcs/sources_1/new/mem_and_gate.v" into library xil_defaultlib
INFO: [VRFC 10-311] analyzing module mem_and_gate
INFO: [VRFC 10-2263] Analyzing Verilog file "C:/Users/admin/Documents/GitHub/ECE-4300-Computer-Architecture-Implementing-a-Datapath-in-Verilog/IF + ID + EX + MEM + WB/4300lab1a.srcs/sources_1/new/mem_stage.v" into library xil_defaultlib
INFO: [VRFC 10-311] analyzing module mem_stage
INFO: [VRFC 10-2263] Analyzing Verilog file "C:/Users/admin/Documents/GitHub/ECE-4300-Computer-Architecture-Implementing-a-Datapath-in-Verilog/IF + ID + EX + MEM + WB/4300lab1a.srcs/sources_1/new/mem_wb_reg.v" into library xil_defaultlib
INFO: [VRFC 10-311] analyzing module mem_wb_reg
INFO: [VRFC 10-2263] Analyzing Verilog file "C:/Users/admin/Documents/GitHub/ECE-4300-Computer-Architecture-Implementing-a-Datapath-in-Verilog/IF + ID + EX + MEM + WB/4300lab1a.srcs/sources_1/new/mux2_ex.v" into library xil_defaultlib
INFO: [VRFC 10-311] analyzing module mux2_ex
INFO: [VRFC 10-2263] Analyzing Verilog file "C:/Users/admin/Documents/GitHub/ECE-4300-Computer-Architecture-Implementing-a-Datapath-in-Verilog/IF + ID + EX + MEM + WB/4300lab1a.srcs/sources_1/new/mux2to1.v" into library xil_defaultlib
INFO: [VRFC 10-311] analyzing module mux2to1
INFO: [VRFC 10-2263] Analyzing Verilog file "C:/Users/admin/Documents/GitHub/ECE-4300-Computer-Architecture-Implementing-a-Datapath-in-Verilog/IF + ID + EX + MEM + WB/4300lab1a.srcs/sources_1/new/pc_reg.v" into library xil_defaultlib
INFO: [VRFC 10-311] analyzing module pc_reg
INFO: [VRFC 10-2263] Analyzing Verilog file "C:/Users/admin/Desktop/4203/IF STAGE/4300lab1a.srcs/sources_1/new/pipeline_top.v" into library xil_defaultlib
INFO: [VRFC 10-311] analyzing module pipeline_top
INFO: [VRFC 10-2263] Analyzing Verilog file "C:/Users/admin/Desktop/4203/IF STAGE/4300lab1a.srcs/sources_1/new/reg_file.v" into library xil_defaultlib
INFO: [VRFC 10-311] analyzing module reg_file
INFO: [VRFC 10-2263] Analyzing Verilog file "C:/Users/admin/Desktop/4203/IF STAGE/4300lab1a.srcs/sources_1/new/sign_extend.v" into library xil_defaultlib
INFO: [VRFC 10-311] analyzing module sign_extend
INFO: [VRFC 10-2263] Analyzing Verilog file "C:/Users/admin/Documents/GitHub/ECE-4300-Computer-Architecture-Implementing-a-Datapath-in-Verilog/IF + ID + EX + MEM + WB/4300lab1a.srcs/sources_1/new/wb_stage.v" into library xil_defaultlib
INFO: [VRFC 10-311] analyzing module wb_stage
INFO: [VRFC 10-2263] Analyzing Verilog file "C:/Users/admin/Desktop/4203/IF STAGE/4300lab1a.srcs/sources_1/new/pipeline_top_tb.v" into library xil_defaultlib
INFO: [VRFC 10-311] analyzing module pipeline_top_tb
